0 info it worked if it ends with ok
1 verbose cli [ '/usr/bin/node', '/usr/bin/npm', 'install', 'express', '--save' ]
2 info using npm@3.10.10
3 info using node@v6.10.3
4 silly loadCurrentTree Starting
5 silly install loadCurrentTree
6 silly install readLocalPackageData
7 silly fetchPackageMetaData express@*
8 silly fetchNamedPackageData express
9 silly mapToRegistry name express
10 silly mapToRegistry using default registry
11 silly mapToRegistry registry https://registry.npmjs.org/
12 silly mapToRegistry data Result {
12 silly mapToRegistry   raw: 'express',
12 silly mapToRegistry   scope: null,
12 silly mapToRegistry   escapedName: 'express',
12 silly mapToRegistry   name: 'express',
12 silly mapToRegistry   rawSpec: '',
12 silly mapToRegistry   spec: 'latest',
12 silly mapToRegistry   type: 'tag' }
13 silly mapToRegistry uri https://registry.npmjs.org/express
14 verbose request uri https://registry.npmjs.org/express
15 verbose request no auth needed
16 info attempt registry request try #1 at 1:16:48 AM
17 verbose request id a7ede133b6e3a568
18 verbose etag W/"5934f480-8cdaf"
19 verbose lastModified Mon, 05 Jun 2017 06:04:48 GMT
20 http request GET https://registry.npmjs.org/express
21 http 304 https://registry.npmjs.org/express
22 verbose headers { date: 'Mon, 05 Jun 2017 23:16:49 GMT',
22 verbose headers   via: '1.1 varnish',
22 verbose headers   'cache-control': 'max-age=300',
22 verbose headers   etag: 'W/"5934f480-8cdaf"',
22 verbose headers   age: '179',
22 verbose headers   connection: 'keep-alive',
22 verbose headers   'x-served-by': 'cache-mad9420-MAD',
22 verbose headers   'x-cache': 'HIT',
22 verbose headers   'x-cache-hits': '2',
22 verbose headers   'x-timer': 'S1496704609.143463,VS0,VE0',
22 verbose headers   vary: 'Accept-Encoding' }
23 silly get cb [ 304,
23 silly get   { date: 'Mon, 05 Jun 2017 23:16:49 GMT',
23 silly get     via: '1.1 varnish',
23 silly get     'cache-control': 'max-age=300',
23 silly get     etag: 'W/"5934f480-8cdaf"',
23 silly get     age: '179',
23 silly get     connection: 'keep-alive',
23 silly get     'x-served-by': 'cache-mad9420-MAD',
23 silly get     'x-cache': 'HIT',
23 silly get     'x-cache-hits': '2',
23 silly get     'x-timer': 'S1496704609.143463,VS0,VE0',
23 silly get     vary: 'Accept-Encoding' } ]
24 verbose etag https://registry.npmjs.org/express from cache
25 verbose get saving express to /root/.npm/registry.npmjs.org/express/.cache.json
26 verbose correctMkdir /root/.npm correctMkdir not in flight; initializing
27 silly install normalizeTree
28 silly loadCurrentTree Finishing
29 silly loadIdealTree Starting
30 silly install loadIdealTree
31 silly cloneCurrentTree Starting
32 silly install cloneCurrentTreeToIdealTree
33 silly cloneCurrentTree Finishing
34 silly loadShrinkwrap Starting
35 silly install loadShrinkwrap
36 silly loadShrinkwrap Finishing
37 silly loadAllDepsIntoIdealTree Starting
38 silly install loadAllDepsIntoIdealTree
39 silly resolveWithNewModule express@4.15.3 checking installable status
40 silly cache add args [ 'express@*', null ]
41 verbose cache add spec express@*
42 silly cache add parsed spec Result {
42 silly cache add   raw: 'express@*',
42 silly cache add   scope: null,
42 silly cache add   escapedName: 'express',
42 silly cache add   name: 'express',
42 silly cache add   rawSpec: '*',
42 silly cache add   spec: '*',
42 silly cache add   type: 'range' }
43 silly addNamed express@*
44 verbose addNamed "*" is a valid semver range for express
45 silly addNameRange { name: 'express', range: '*', hasData: false }
46 silly mapToRegistry name express
47 silly mapToRegistry using default registry
48 silly mapToRegistry registry https://registry.npmjs.org/
49 silly mapToRegistry data Result {
49 silly mapToRegistry   raw: 'express',
49 silly mapToRegistry   scope: null,
49 silly mapToRegistry   escapedName: 'express',
49 silly mapToRegistry   name: 'express',
49 silly mapToRegistry   rawSpec: '',
49 silly mapToRegistry   spec: 'latest',
49 silly mapToRegistry   type: 'tag' }
50 silly mapToRegistry uri https://registry.npmjs.org/express
51 verbose addNameRange registry:https://registry.npmjs.org/express not in flight; fetching
52 verbose get https://registry.npmjs.org/express not expired, no request
53 silly addNameRange number 2 { name: 'express', range: '*', hasData: true }
54 silly addNameRange versions [ 'express',
54 silly addNameRange   [ '0.14.0',
54 silly addNameRange     '0.14.1',
54 silly addNameRange     '1.0.0',
54 silly addNameRange     '1.0.1',
54 silly addNameRange     '1.0.2',
54 silly addNameRange     '1.0.3',
54 silly addNameRange     '1.0.4',
54 silly addNameRange     '1.0.5',
54 silly addNameRange     '1.0.6',
54 silly addNameRange     '1.0.7',
54 silly addNameRange     '1.0.8',
54 silly addNameRange     '2.0.0',
54 silly addNameRange     '2.1.0',
54 silly addNameRange     '2.1.1',
54 silly addNameRange     '2.2.0',
54 silly addNameRange     '2.2.1',
54 silly addNameRange     '2.2.2',
54 silly addNameRange     '2.3.0',
54 silly addNameRange     '2.3.1',
54 silly addNameRange     '2.3.2',
54 silly addNameRange     '2.3.3',
54 silly addNameRange     '2.3.4',
54 silly addNameRange     '2.3.5',
54 silly addNameRange     '2.3.6',
54 silly addNameRange     '2.3.7',
54 silly addNameRange     '2.3.8',
54 silly addNameRange     '2.3.9',
54 silly addNameRange     '2.3.10',
54 silly addNameRange     '2.3.11',
54 silly addNameRange     '2.3.12',
54 silly addNameRange     '2.4.0',
54 silly addNameRange     '2.4.1',
54 silly addNameRange     '2.4.2',
54 silly addNameRange     '2.4.3',
54 silly addNameRange     '2.4.4',
54 silly addNameRange     '2.4.5',
54 silly addNameRange     '2.4.6',
54 silly addNameRange     '2.4.7',
54 silly addNameRange     '2.5.0',
54 silly addNameRange     '2.5.1',
54 silly addNameRange     '2.5.2',
54 silly addNameRange     '2.5.3',
54 silly addNameRange     '2.5.4',
54 silly addNameRange     '2.5.5',
54 silly addNameRange     '2.5.6',
54 silly addNameRange     '2.5.7',
54 silly addNameRange     '2.5.8',
54 silly addNameRange     '2.5.9',
54 silly addNameRange     '2.5.10',
54 silly addNameRange     '2.5.11',
54 silly addNameRange     '3.0.0',
54 silly addNameRange     '3.0.1',
54 silly addNameRange     '3.0.2',
54 silly addNameRange     '3.0.3',
54 silly addNameRange     '3.0.4',
54 silly addNameRange     '3.0.5',
54 silly addNameRange     '3.0.6',
54 silly addNameRange     '3.1.0',
54 silly addNameRange     '3.1.1',
54 silly addNameRange     '3.1.2',
54 silly addNameRange     '3.2.0',
54 silly addNameRange     '3.2.1',
54 silly addNameRange     '3.2.2',
54 silly addNameRange     '3.2.3',
54 silly addNameRange     '3.2.4',
54 silly addNameRange     '3.2.5',
54 silly addNameRange     '3.2.6',
54 silly addNameRange     '3.3.0',
54 silly addNameRange     '3.3.1',
54 silly addNameRange     '3.3.2',
54 silly addNameRange     '3.3.3',
54 silly addNameRange     '3.3.4',
54 silly addNameRange     '3.3.5',
54 silly addNameRange     '3.3.6',
54 silly addNameRange     '1.0.0-beta',
54 silly addNameRange     '1.0.0-beta2',
54 silly addNameRange     '1.0.0-rc',
54 silly addNameRange     '1.0.0-rc2',
54 silly addNameRange     '1.0.0-rc3',
54 silly addNameRange     '1.0.0-rc4',
54 silly addNameRange     '2.0.0-beta',
54 silly addNameRange     '2.0.0-beta2',
54 silly addNameRange     '2.0.0-beta3',
54 silly addNameRange     '2.0.0-rc',
54 silly addNameRange     '2.0.0-rc2',
54 silly addNameRange     '2.0.0-rc3',
54 silly addNameRange     '3.0.0-alpha1',
54 silly addNameRange     '3.0.0-alpha2',
54 silly addNameRange     '3.0.0-alpha3',
54 silly addNameRange     '3.0.0-alpha4',
54 silly addNameRange     '3.0.0-alpha5',
54 silly addNameRange     '3.0.0-beta1',
54 silly addNameRange     '3.0.0-beta2',
54 silly addNameRange     '3.0.0-beta3',
54 silly addNameRange     '3.0.0-beta4',
54 silly addNameRange     '3.0.0-beta6',
54 silly addNameRange     '3.0.0-beta7',
54 silly addNameRange     '3.0.0-rc1',
54 silly addNameRange     '3.0.0-rc2',
54 silly addNameRange     '3.0.0-rc3',
54 silly addNameRange     ... 152 more items ] ]
55 silly addNamed express@4.15.3
56 verbose addNamed "4.15.3" is a plain semver version for express
57 silly cache afterAdd express@4.15.3
58 verbose afterAdd /root/.npm/express/4.15.3/package/package.json not in flight; writing
59 verbose correctMkdir /root/.npm correctMkdir not in flight; initializing
60 verbose afterAdd /root/.npm/express/4.15.3/package/package.json written
61 silly fetchNamedPackageData send
62 silly mapToRegistry name send
63 silly mapToRegistry using default registry
64 silly mapToRegistry registry https://registry.npmjs.org/
65 silly mapToRegistry data Result {
65 silly mapToRegistry   raw: 'send',
65 silly mapToRegistry   scope: null,
65 silly mapToRegistry   escapedName: 'send',
65 silly mapToRegistry   name: 'send',
65 silly mapToRegistry   rawSpec: '',
65 silly mapToRegistry   spec: 'latest',
65 silly mapToRegistry   type: 'tag' }
66 silly mapToRegistry uri https://registry.npmjs.org/send
67 silly fetchNamedPackageData serve-static
68 silly mapToRegistry name serve-static
69 silly mapToRegistry using default registry
70 silly mapToRegistry registry https://registry.npmjs.org/
71 silly mapToRegistry data Result {
71 silly mapToRegistry   raw: 'serve-static',
71 silly mapToRegistry   scope: null,
71 silly mapToRegistry   escapedName: 'serve-static',
71 silly mapToRegistry   name: 'serve-static',
71 silly mapToRegistry   rawSpec: '',
71 silly mapToRegistry   spec: 'latest',
71 silly mapToRegistry   type: 'tag' }
72 silly mapToRegistry uri https://registry.npmjs.org/serve-static
73 verbose request uri https://registry.npmjs.org/send
74 verbose request no auth needed
75 info attempt registry request try #1 at 1:16:48 AM
76 verbose etag W/"591bd78c-14e82"
77 verbose lastModified Wed, 17 May 2017 04:54:36 GMT
78 http request GET https://registry.npmjs.org/send
79 verbose request uri https://registry.npmjs.org/serve-static
80 verbose request no auth needed
81 info attempt registry request try #1 at 1:16:48 AM
82 verbose etag W/"591bdeff-158ea"
83 verbose lastModified Wed, 17 May 2017 05:26:23 GMT
84 http request GET https://registry.npmjs.org/serve-static
85 http 304 https://registry.npmjs.org/send
86 verbose headers { date: 'Mon, 05 Jun 2017 23:16:49 GMT',
86 verbose headers   via: '1.1 varnish',
86 verbose headers   'cache-control': 'max-age=300',
86 verbose headers   etag: 'W/"591bd78c-14e82"',
86 verbose headers   age: '218',
86 verbose headers   connection: 'keep-alive',
86 verbose headers   'x-served-by': 'cache-mad9420-MAD',
86 verbose headers   'x-cache': 'HIT',
86 verbose headers   'x-cache-hits': '1',
86 verbose headers   'x-timer': 'S1496704610.563063,VS0,VE0',
86 verbose headers   vary: 'Accept-Encoding' }
87 silly get cb [ 304,
87 silly get   { date: 'Mon, 05 Jun 2017 23:16:49 GMT',
87 silly get     via: '1.1 varnish',
87 silly get     'cache-control': 'max-age=300',
87 silly get     etag: 'W/"591bd78c-14e82"',
87 silly get     age: '218',
87 silly get     connection: 'keep-alive',
87 silly get     'x-served-by': 'cache-mad9420-MAD',
87 silly get     'x-cache': 'HIT',
87 silly get     'x-cache-hits': '1',
87 silly get     'x-timer': 'S1496704610.563063,VS0,VE0',
87 silly get     vary: 'Accept-Encoding' } ]
88 verbose etag https://registry.npmjs.org/send from cache
89 verbose get saving send to /root/.npm/registry.npmjs.org/send/.cache.json
90 verbose correctMkdir /root/.npm correctMkdir not in flight; initializing
91 silly resolveWithNewModule send@0.15.3 checking installable status
92 silly cache add args [ 'send@0.15.3', null ]
93 verbose cache add spec send@0.15.3
94 silly cache add parsed spec Result {
94 silly cache add   raw: 'send@0.15.3',
94 silly cache add   scope: null,
94 silly cache add   escapedName: 'send',
94 silly cache add   name: 'send',
94 silly cache add   rawSpec: '0.15.3',
94 silly cache add   spec: '0.15.3',
94 silly cache add   type: 'version' }
95 silly addNamed send@0.15.3
96 verbose addNamed "0.15.3" is a plain semver version for send
97 silly mapToRegistry name send
98 silly mapToRegistry using default registry
99 silly mapToRegistry registry https://registry.npmjs.org/
100 silly mapToRegistry data Result {
100 silly mapToRegistry   raw: 'send',
100 silly mapToRegistry   scope: null,
100 silly mapToRegistry   escapedName: 'send',
100 silly mapToRegistry   name: 'send',
100 silly mapToRegistry   rawSpec: '',
100 silly mapToRegistry   spec: 'latest',
100 silly mapToRegistry   type: 'tag' }
101 silly mapToRegistry uri https://registry.npmjs.org/send
102 verbose addNameVersion registry:https://registry.npmjs.org/send not in flight; fetching
103 verbose get https://registry.npmjs.org/send not expired, no request
104 silly cache afterAdd send@0.15.3
105 verbose afterAdd /root/.npm/send/0.15.3/package/package.json not in flight; writing
106 verbose correctMkdir /root/.npm correctMkdir not in flight; initializing
107 verbose afterAdd /root/.npm/send/0.15.3/package/package.json written
108 http 304 https://registry.npmjs.org/serve-static
109 verbose headers { date: 'Mon, 05 Jun 2017 23:16:49 GMT',
109 verbose headers   via: '1.1 varnish',
109 verbose headers   'cache-control': 'max-age=300',
109 verbose headers   etag: 'W/"591bdeff-158ea"',
109 verbose headers   age: '220',
109 verbose headers   connection: 'keep-alive',
109 verbose headers   'x-served-by': 'cache-mad9431-MAD',
109 verbose headers   'x-cache': 'HIT',
109 verbose headers   'x-cache-hits': '2',
109 verbose headers   'x-timer': 'S1496704610.671867,VS0,VE0',
109 verbose headers   vary: 'Accept-Encoding' }
110 silly get cb [ 304,
110 silly get   { date: 'Mon, 05 Jun 2017 23:16:49 GMT',
110 silly get     via: '1.1 varnish',
110 silly get     'cache-control': 'max-age=300',
110 silly get     etag: 'W/"591bdeff-158ea"',
110 silly get     age: '220',
110 silly get     connection: 'keep-alive',
110 silly get     'x-served-by': 'cache-mad9431-MAD',
110 silly get     'x-cache': 'HIT',
110 silly get     'x-cache-hits': '2',
110 silly get     'x-timer': 'S1496704610.671867,VS0,VE0',
110 silly get     vary: 'Accept-Encoding' } ]
111 verbose etag https://registry.npmjs.org/serve-static from cache
112 verbose get saving serve-static to /root/.npm/registry.npmjs.org/serve-static/.cache.json
113 verbose correctMkdir /root/.npm correctMkdir not in flight; initializing
114 silly resolveWithNewModule serve-static@1.12.3 checking installable status
115 silly cache add args [ 'serve-static@1.12.3', null ]
116 verbose cache add spec serve-static@1.12.3
117 silly cache add parsed spec Result {
117 silly cache add   raw: 'serve-static@1.12.3',
117 silly cache add   scope: null,
117 silly cache add   escapedName: 'serve-static',
117 silly cache add   name: 'serve-static',
117 silly cache add   rawSpec: '1.12.3',
117 silly cache add   spec: '1.12.3',
117 silly cache add   type: 'version' }
118 silly addNamed serve-static@1.12.3
119 verbose addNamed "1.12.3" is a plain semver version for serve-static
120 silly mapToRegistry name serve-static
121 silly mapToRegistry using default registry
122 silly mapToRegistry registry https://registry.npmjs.org/
123 silly mapToRegistry data Result {
123 silly mapToRegistry   raw: 'serve-static',
123 silly mapToRegistry   scope: null,
123 silly mapToRegistry   escapedName: 'serve-static',
123 silly mapToRegistry   name: 'serve-static',
123 silly mapToRegistry   rawSpec: '',
123 silly mapToRegistry   spec: 'latest',
123 silly mapToRegistry   type: 'tag' }
124 silly mapToRegistry uri https://registry.npmjs.org/serve-static
125 verbose addNameVersion registry:https://registry.npmjs.org/serve-static not in flight; fetching
126 verbose get https://registry.npmjs.org/serve-static not expired, no request
127 silly cache afterAdd serve-static@1.12.3
128 verbose afterAdd /root/.npm/serve-static/1.12.3/package/package.json not in flight; writing
129 verbose correctMkdir /root/.npm correctMkdir not in flight; initializing
130 verbose afterAdd /root/.npm/serve-static/1.12.3/package/package.json written
131 silly fetchNamedPackageData mime
132 silly mapToRegistry name mime
133 silly mapToRegistry using default registry
134 silly mapToRegistry registry https://registry.npmjs.org/
135 silly mapToRegistry data Result {
135 silly mapToRegistry   raw: 'mime',
135 silly mapToRegistry   scope: null,
135 silly mapToRegistry   escapedName: 'mime',
135 silly mapToRegistry   name: 'mime',
135 silly mapToRegistry   rawSpec: '',
135 silly mapToRegistry   spec: 'latest',
135 silly mapToRegistry   type: 'tag' }
136 silly mapToRegistry uri https://registry.npmjs.org/mime
137 verbose request uri https://registry.npmjs.org/mime
138 verbose request no auth needed
139 info attempt registry request try #1 at 1:16:49 AM
140 verbose etag W/"5932dd48-5cae"
141 verbose lastModified Sat, 03 Jun 2017 16:01:12 GMT
142 http request GET https://registry.npmjs.org/mime
143 http 304 https://registry.npmjs.org/mime
144 verbose headers { date: 'Mon, 05 Jun 2017 23:16:49 GMT',
144 verbose headers   via: '1.1 varnish',
144 verbose headers   'cache-control': 'max-age=300',
144 verbose headers   etag: 'W/"5932dd48-5cae"',
144 verbose headers   age: '124',
144 verbose headers   connection: 'keep-alive',
144 verbose headers   'x-served-by': 'cache-mad9420-MAD',
144 verbose headers   'x-cache': 'HIT',
144 verbose headers   'x-cache-hits': '2',
144 verbose headers   'x-timer': 'S1496704610.759820,VS0,VE0',
144 verbose headers   vary: 'Accept-Encoding' }
145 silly get cb [ 304,
145 silly get   { date: 'Mon, 05 Jun 2017 23:16:49 GMT',
145 silly get     via: '1.1 varnish',
145 silly get     'cache-control': 'max-age=300',
145 silly get     etag: 'W/"5932dd48-5cae"',
145 silly get     age: '124',
145 silly get     connection: 'keep-alive',
145 silly get     'x-served-by': 'cache-mad9420-MAD',
145 silly get     'x-cache': 'HIT',
145 silly get     'x-cache-hits': '2',
145 silly get     'x-timer': 'S1496704610.759820,VS0,VE0',
145 silly get     vary: 'Accept-Encoding' } ]
146 verbose etag https://registry.npmjs.org/mime from cache
147 verbose get saving mime to /root/.npm/registry.npmjs.org/mime/.cache.json
148 verbose correctMkdir /root/.npm correctMkdir not in flight; initializing
149 silly resolveWithNewModule mime@1.3.4 checking installable status
150 silly cache add args [ 'mime@1.3.4', null ]
151 verbose cache add spec mime@1.3.4
152 silly cache add parsed spec Result {
152 silly cache add   raw: 'mime@1.3.4',
152 silly cache add   scope: null,
152 silly cache add   escapedName: 'mime',
152 silly cache add   name: 'mime',
152 silly cache add   rawSpec: '1.3.4',
152 silly cache add   spec: '1.3.4',
152 silly cache add   type: 'version' }
153 silly addNamed mime@1.3.4
154 verbose addNamed "1.3.4" is a plain semver version for mime
155 silly mapToRegistry name mime
156 silly mapToRegistry using default registry
157 silly mapToRegistry registry https://registry.npmjs.org/
158 silly mapToRegistry data Result {
158 silly mapToRegistry   raw: 'mime',
158 silly mapToRegistry   scope: null,
158 silly mapToRegistry   escapedName: 'mime',
158 silly mapToRegistry   name: 'mime',
158 silly mapToRegistry   rawSpec: '',
158 silly mapToRegistry   spec: 'latest',
158 silly mapToRegistry   type: 'tag' }
159 silly mapToRegistry uri https://registry.npmjs.org/mime
160 verbose addNameVersion registry:https://registry.npmjs.org/mime not in flight; fetching
161 verbose get https://registry.npmjs.org/mime not expired, no request
162 silly cache afterAdd mime@1.3.4
163 verbose afterAdd /root/.npm/mime/1.3.4/package/package.json not in flight; writing
164 verbose correctMkdir /root/.npm correctMkdir not in flight; initializing
165 verbose afterAdd /root/.npm/mime/1.3.4/package/package.json written
166 silly fetchNamedPackageData fsevents
167 silly mapToRegistry name fsevents
168 silly mapToRegistry using default registry
169 silly mapToRegistry registry https://registry.npmjs.org/
170 silly mapToRegistry data Result {
170 silly mapToRegistry   raw: 'fsevents',
170 silly mapToRegistry   scope: null,
170 silly mapToRegistry   escapedName: 'fsevents',
170 silly mapToRegistry   name: 'fsevents',
170 silly mapToRegistry   rawSpec: '',
170 silly mapToRegistry   spec: 'latest',
170 silly mapToRegistry   type: 'tag' }
171 silly mapToRegistry uri https://registry.npmjs.org/fsevents
172 verbose request uri https://registry.npmjs.org/fsevents
173 verbose request no auth needed
174 info attempt registry request try #1 at 1:16:49 AM
175 verbose etag W/"5924f6b0-d606"
176 verbose lastModified Wed, 24 May 2017 02:57:52 GMT
177 http request GET https://registry.npmjs.org/fsevents
178 http 304 https://registry.npmjs.org/fsevents
179 verbose headers { date: 'Mon, 05 Jun 2017 23:16:49 GMT',
179 verbose headers   via: '1.1 varnish',
179 verbose headers   'cache-control': 'max-age=300',
179 verbose headers   etag: 'W/"5924f6b0-d606"',
179 verbose headers   age: '191',
179 verbose headers   connection: 'keep-alive',
179 verbose headers   'x-served-by': 'cache-mad9431-MAD',
179 verbose headers   'x-cache': 'HIT',
179 verbose headers   'x-cache-hits': '2',
179 verbose headers   'x-timer': 'S1496704610.970928,VS0,VE0',
179 verbose headers   vary: 'Accept-Encoding' }
180 silly get cb [ 304,
180 silly get   { date: 'Mon, 05 Jun 2017 23:16:49 GMT',
180 silly get     via: '1.1 varnish',
180 silly get     'cache-control': 'max-age=300',
180 silly get     etag: 'W/"5924f6b0-d606"',
180 silly get     age: '191',
180 silly get     connection: 'keep-alive',
180 silly get     'x-served-by': 'cache-mad9431-MAD',
180 silly get     'x-cache': 'HIT',
180 silly get     'x-cache-hits': '2',
180 silly get     'x-timer': 'S1496704610.970928,VS0,VE0',
180 silly get     vary: 'Accept-Encoding' } ]
181 verbose etag https://registry.npmjs.org/fsevents from cache
182 verbose get saving fsevents to /root/.npm/registry.npmjs.org/fsevents/.cache.json
183 verbose correctMkdir /root/.npm correctMkdir not in flight; initializing
184 silly resolveWithNewModule fsevents@1.1.1 checking installable status
185 silly loadAllDepsIntoIdealTree Finishing
186 silly loadIdealTree Finishing
187 silly currentTree redesdesensores@1.0.0
187 silly currentTree ├── @types/bluebird@3.0.37
187 silly currentTree ├── @types/express-serve-static-core@4.0.45
187 silly currentTree ├── @types/express@4.0.35
187 silly currentTree ├── @types/mime@0.0.29
187 silly currentTree ├── @types/node@7.0.27
187 silly currentTree ├── @types/serve-static@1.7.31
187 silly currentTree ├── abbrev@1.1.0
187 silly currentTree ├── accepts@1.3.3
187 silly currentTree ├── align-text@0.1.4
187 silly currentTree ├── amdefine@1.0.1
187 silly currentTree ├── ansi-regex@2.1.1
187 silly currentTree ├── ansi-styles@2.2.1
187 silly currentTree ├── anymatch@1.3.0
187 silly currentTree ├── arr-diff@2.0.0
187 silly currentTree ├── arr-flatten@1.0.3
187 silly currentTree ├── array-flatten@1.1.1
187 silly currentTree ├── array-unique@0.2.1
187 silly currentTree ├── arrify@1.0.1
187 silly currentTree ├── asap@2.0.5
187 silly currentTree ├── async-each@1.0.1
187 silly currentTree ├── async@1.5.2
187 silly currentTree ├── balanced-match@0.4.2
187 silly currentTree ├── bcryptjs@2.4.3
187 silly currentTree ├── binary-extensions@1.8.0
187 silly currentTree ├── bluebird@3.5.0
187 silly currentTree ├── body-parser@1.17.2
187 silly currentTree ├── brace-expansion@1.1.7
187 silly currentTree ├── braces@1.8.5
187 silly currentTree ├── bson@1.0.4
187 silly currentTree ├── buffer-shims@1.0.0
187 silly currentTree ├── bytes@2.4.0
187 silly currentTree ├── camelcase@1.2.1
187 silly currentTree ├── center-align@0.1.3
187 silly currentTree ├── chalk@1.1.3
187 silly currentTree ├── chokidar@1.7.0
187 silly currentTree ├─┬ cliui@2.1.0
187 silly currentTree │ └── wordwrap@0.0.2
187 silly currentTree ├── concat-map@0.0.1
187 silly currentTree ├── connect-flash@0.1.1
187 silly currentTree ├── content-disposition@0.5.2
187 silly currentTree ├── content-type@1.0.2
187 silly currentTree ├── cookie-parser@1.4.3
187 silly currentTree ├── cookie-signature@1.0.6
187 silly currentTree ├── cookie@0.3.1
187 silly currentTree ├── core-util-is@1.0.2
187 silly currentTree ├── crc@3.4.4
187 silly currentTree ├── debug@2.6.7
187 silly currentTree ├── decamelize@1.2.0
187 silly currentTree ├── deep-extend@0.4.2
187 silly currentTree ├── define-properties@1.1.2
187 silly currentTree ├── depd@1.1.0
187 silly currentTree ├── destroy@1.0.4
187 silly currentTree ├── duplexer@0.1.1
187 silly currentTree ├── duplexify@3.5.0
187 silly currentTree ├── ee-first@1.1.1
187 silly currentTree ├── encodeurl@1.0.1
187 silly currentTree ├─┬ end-of-stream@1.0.0
187 silly currentTree │ └── once@1.3.3
187 silly currentTree ├── es6-promise@3.2.1
187 silly currentTree ├── escape-html@1.0.3
187 silly currentTree ├── escape-string-regexp@1.0.5
187 silly currentTree ├── etag@1.8.0
187 silly currentTree ├── event-stream@3.3.4
187 silly currentTree ├── expand-brackets@0.1.5
187 silly currentTree ├── expand-range@1.8.2
187 silly currentTree ├── express-handlebars@3.0.0
187 silly currentTree ├── express-messages@1.0.1
187 silly currentTree ├── express-session@1.15.3
187 silly currentTree ├── express-validator@3.2.0
187 silly currentTree ├── extglob@0.3.2
187 silly currentTree ├── filename-regex@2.0.1
187 silly currentTree ├── fill-range@2.2.3
187 silly currentTree ├── finalhandler@1.0.3
187 silly currentTree ├── for-in@1.0.2
187 silly currentTree ├── for-own@0.1.5
187 silly currentTree ├── foreach@2.0.5
187 silly currentTree ├── forwarded@0.1.0
187 silly currentTree ├── fresh@0.5.0
187 silly currentTree ├── from@0.1.7
187 silly currentTree ├── function-bind@1.1.0
187 silly currentTree ├── glob-base@0.3.0
187 silly currentTree ├── glob-parent@2.0.0
187 silly currentTree ├── glob@6.0.4
187 silly currentTree ├─┬ got@3.3.1
187 silly currentTree │ └── object-assign@3.0.0
187 silly currentTree ├── graceful-fs@4.1.11
187 silly currentTree ├── handlebars@4.0.10
187 silly currentTree ├── has-ansi@2.0.0
187 silly currentTree ├── hooks-fixed@2.0.0
187 silly currentTree ├── http-errors@1.6.1
187 silly currentTree ├── iconv-lite@0.4.15
187 silly currentTree ├── ignore-by-default@1.0.1
187 silly currentTree ├── imurmurhash@0.1.4
187 silly currentTree ├── infinity-agent@2.0.3
187 silly currentTree ├── inflight@1.0.6
187 silly currentTree ├── inherits@2.0.3
187 silly currentTree ├── ini@1.3.4
187 silly currentTree ├── ipaddr.js@1.3.0
187 silly currentTree ├── is-binary-path@1.0.1
187 silly currentTree ├── is-buffer@1.1.5
187 silly currentTree ├── is-dotfile@1.0.3
187 silly currentTree ├── is-equal-shallow@0.1.3
187 silly currentTree ├── is-extendable@0.1.1
187 silly currentTree ├── is-extglob@1.0.0
187 silly currentTree ├── is-finite@1.0.2
187 silly currentTree ├── is-glob@2.0.1
187 silly currentTree ├── is-npm@1.0.0
187 silly currentTree ├── is-number@2.1.0
187 silly currentTree ├── is-posix-bracket@0.1.1
187 silly currentTree ├── is-primitive@2.0.0
187 silly currentTree ├── is-redirect@1.0.0
187 silly currentTree ├── is-stream@1.1.0
187 silly currentTree ├── isarray@1.0.0
187 silly currentTree ├── isobject@2.1.0
187 silly currentTree ├── kareem@1.4.1
187 silly currentTree ├── kind-of@3.2.2
187 silly currentTree ├── latest-version@1.0.1
187 silly currentTree ├── lazy-cache@1.0.4
187 silly currentTree ├── lodash._baseassign@3.2.0
187 silly currentTree ├── lodash._basecopy@3.0.1
187 silly currentTree ├── lodash._bindcallback@3.0.1
187 silly currentTree ├── lodash._createassigner@3.1.1
187 silly currentTree ├── lodash._getnative@3.9.1
187 silly currentTree ├── lodash._isiterateecall@3.0.9
187 silly currentTree ├── lodash.assign@3.2.0
187 silly currentTree ├── lodash.defaults@3.1.2
187 silly currentTree ├── lodash.isarguments@3.1.0
187 silly currentTree ├── lodash.isarray@3.0.4
187 silly currentTree ├── lodash.keys@3.1.2
187 silly currentTree ├── lodash.restparam@3.6.1
187 silly currentTree ├── lodash@4.17.4
187 silly currentTree ├── longest@1.0.1
187 silly currentTree ├── lowercase-keys@1.0.0
187 silly currentTree ├── map-stream@0.1.0
187 silly currentTree ├── media-typer@0.3.0
187 silly currentTree ├── merge-descriptors@1.0.1
187 silly currentTree ├── methods@1.1.2
187 silly currentTree ├── micromatch@2.3.11
187 silly currentTree ├── mime-db@1.27.0
187 silly currentTree ├── mime-types@2.1.15
187 silly currentTree ├── minimatch@3.0.4
187 silly currentTree ├── minimist@0.0.10
187 silly currentTree ├── mongodb-core@2.1.12
187 silly currentTree ├── mongodb@2.2.28
187 silly currentTree ├─┬ mongoose@4.10.4
187 silly currentTree │ ├── async@2.1.4
187 silly currentTree │ ├── mongodb-core@2.1.11
187 silly currentTree │ └── mongodb@2.2.27
187 silly currentTree ├── mpath@0.2.1
187 silly currentTree ├── mpromise@0.5.5
187 silly currentTree ├─┬ mquery@2.3.1
187 silly currentTree │ ├── bluebird@2.10.2
187 silly currentTree │ ├── debug@2.6.8
187 silly currentTree │ └── sliced@0.0.5
187 silly currentTree ├── ms@2.0.0
187 silly currentTree ├── muri@1.2.1
187 silly currentTree ├── negotiator@0.6.1
187 silly currentTree ├── nested-error-stacks@1.0.2
187 silly currentTree ├── nopt@1.0.10
187 silly currentTree ├── normalize-path@2.1.1
187 silly currentTree ├── number-is-nan@1.0.1
187 silly currentTree ├── object-assign@4.1.1
187 silly currentTree ├── object-keys@1.0.11
187 silly currentTree ├── object.assign@4.0.4
187 silly currentTree ├── object.omit@2.0.1
187 silly currentTree ├── on-finished@2.3.0
187 silly currentTree ├── on-headers@1.0.1
187 silly currentTree ├── once@1.4.0
187 silly currentTree ├── optimist@0.6.1
187 silly currentTree ├── os-homedir@1.0.2
187 silly currentTree ├── os-tmpdir@1.0.2
187 silly currentTree ├── osenv@0.1.4
187 silly currentTree ├── package-json@1.2.0
187 silly currentTree ├── parse-glob@3.0.4
187 silly currentTree ├── parseurl@1.3.1
187 silly currentTree ├── passport-http@0.3.0
187 silly currentTree ├── passport-local@1.0.0
187 silly currentTree ├── passport-strategy@1.0.0
187 silly currentTree ├── passport@0.3.2
187 silly currentTree ├── path-is-absolute@1.0.1
187 silly currentTree ├── path-to-regexp@0.1.7
187 silly currentTree ├── pause-stream@0.0.11
187 silly currentTree ├── pause@0.0.1
187 silly currentTree ├── pinkie-promise@2.0.1
187 silly currentTree ├── pinkie@2.0.4
187 silly currentTree ├── prepend-http@1.0.4
187 silly currentTree ├── preserve@0.2.0
187 silly currentTree ├── process-nextick-args@1.0.7
187 silly currentTree ├── promise@7.1.1
187 silly currentTree ├── proxy-addr@1.1.4
187 silly currentTree ├── ps-tree@1.1.0
187 silly currentTree ├── qs@6.4.0
187 silly currentTree ├── random-bytes@1.0.0
187 silly currentTree ├── randomatic@1.1.6
187 silly currentTree ├── range-parser@1.2.0
187 silly currentTree ├── raw-body@2.2.0
187 silly currentTree ├─┬ rc@1.2.1
187 silly currentTree │ └── minimist@1.2.0
187 silly currentTree ├── read-all-stream@3.1.0
187 silly currentTree ├── readable-stream@2.2.7
187 silly currentTree ├── readdirp@2.1.0
187 silly currentTree ├── regex-cache@0.4.3
187 silly currentTree ├── regexp-clone@0.0.1
187 silly currentTree ├── registry-url@3.1.0
187 silly currentTree ├── remove-trailing-separator@1.0.1
187 silly currentTree ├── repeat-element@1.1.2
187 silly currentTree ├── repeat-string@1.6.1
187 silly currentTree ├── repeating@1.1.3
187 silly currentTree ├── require_optional@1.0.0
187 silly currentTree ├── resolve-from@2.0.0
187 silly currentTree ├── right-align@0.1.3
187 silly currentTree ├── safe-buffer@5.1.0
187 silly currentTree ├── semver-diff@2.1.0
187 silly currentTree ├── semver@5.3.0
187 silly currentTree ├── set-immediate-shim@1.0.1
187 silly currentTree ├── setprototypeof@1.0.3
187 silly currentTree ├── sliced@1.0.1
187 silly currentTree ├── slide@1.1.6
187 silly currentTree ├── source-map@0.4.4
187 silly currentTree ├── split@0.3.3
187 silly currentTree ├── statuses@1.3.1
187 silly currentTree ├── stream-combiner@0.0.4
187 silly currentTree ├── stream-shift@1.0.0
187 silly currentTree ├── string_decoder@1.0.1
187 silly currentTree ├── string-length@1.0.1
187 silly currentTree ├── strip-ansi@3.0.1
187 silly currentTree ├── strip-json-comments@2.0.1
187 silly currentTree ├── supports-color@2.0.0
187 silly currentTree ├── through@2.3.8
187 silly currentTree ├── timed-out@2.0.0
187 silly currentTree ├── touch@1.0.0
187 silly currentTree ├── type-is@1.6.15
187 silly currentTree ├─┬ uglify-js@2.8.28
187 silly currentTree │ └── source-map@0.5.6
187 silly currentTree ├── uglify-to-browserify@1.0.2
187 silly currentTree ├── uid-safe@2.1.4
187 silly currentTree ├── undefsafe@0.0.3
187 silly currentTree ├── unpipe@1.0.0
187 silly currentTree ├── util-deprecate@1.0.2
187 silly currentTree ├── utils-merge@1.0.0
187 silly currentTree ├── uuid@2.0.3
187 silly currentTree ├── validator@6.2.1
187 silly currentTree ├── vary@1.1.1
187 silly currentTree ├── window-size@0.1.0
187 silly currentTree ├── wordwrap@0.0.3
187 silly currentTree ├── wrappy@1.0.2
187 silly currentTree ├── write-file-atomic@1.3.4
187 silly currentTree ├── xdg-basedir@2.0.0
187 silly currentTree └── yargs@3.10.0
188 silly idealTree redesdesensores@1.0.0
188 silly idealTree ├── @types/bluebird@3.0.37
188 silly idealTree ├── @types/express-serve-static-core@4.0.45
188 silly idealTree ├── @types/express@4.0.35
188 silly idealTree ├── @types/mime@0.0.29
188 silly idealTree ├── @types/node@7.0.27
188 silly idealTree ├── @types/serve-static@1.7.31
188 silly idealTree ├── abbrev@1.1.0
188 silly idealTree ├── accepts@1.3.3
188 silly idealTree ├── align-text@0.1.4
188 silly idealTree ├── amdefine@1.0.1
188 silly idealTree ├── ansi-regex@2.1.1
188 silly idealTree ├── ansi-styles@2.2.1
188 silly idealTree ├── anymatch@1.3.0
188 silly idealTree ├── arr-diff@2.0.0
188 silly idealTree ├── arr-flatten@1.0.3
188 silly idealTree ├── array-flatten@1.1.1
188 silly idealTree ├── array-unique@0.2.1
188 silly idealTree ├── arrify@1.0.1
188 silly idealTree ├── asap@2.0.5
188 silly idealTree ├── async-each@1.0.1
188 silly idealTree ├── async@1.5.2
188 silly idealTree ├── balanced-match@0.4.2
188 silly idealTree ├── bcryptjs@2.4.3
188 silly idealTree ├── binary-extensions@1.8.0
188 silly idealTree ├── bluebird@3.5.0
188 silly idealTree ├── body-parser@1.17.2
188 silly idealTree ├── brace-expansion@1.1.7
188 silly idealTree ├── braces@1.8.5
188 silly idealTree ├── bson@1.0.4
188 silly idealTree ├── buffer-shims@1.0.0
188 silly idealTree ├── bytes@2.4.0
188 silly idealTree ├── camelcase@1.2.1
188 silly idealTree ├── center-align@0.1.3
188 silly idealTree ├── chalk@1.1.3
188 silly idealTree ├── chokidar@1.7.0
188 silly idealTree ├─┬ cliui@2.1.0
188 silly idealTree │ └── wordwrap@0.0.2
188 silly idealTree ├── concat-map@0.0.1
188 silly idealTree ├── connect-flash@0.1.1
188 silly idealTree ├── content-disposition@0.5.2
188 silly idealTree ├── content-type@1.0.2
188 silly idealTree ├── cookie-parser@1.4.3
188 silly idealTree ├── cookie-signature@1.0.6
188 silly idealTree ├── cookie@0.3.1
188 silly idealTree ├── core-util-is@1.0.2
188 silly idealTree ├── crc@3.4.4
188 silly idealTree ├── debug@2.6.7
188 silly idealTree ├── decamelize@1.2.0
188 silly idealTree ├── deep-extend@0.4.2
188 silly idealTree ├── define-properties@1.1.2
188 silly idealTree ├── depd@1.1.0
188 silly idealTree ├── destroy@1.0.4
188 silly idealTree ├── duplexer@0.1.1
188 silly idealTree ├── duplexify@3.5.0
188 silly idealTree ├── ee-first@1.1.1
188 silly idealTree ├── encodeurl@1.0.1
188 silly idealTree ├─┬ end-of-stream@1.0.0
188 silly idealTree │ └── once@1.3.3
188 silly idealTree ├── es6-promise@3.2.1
188 silly idealTree ├── escape-html@1.0.3
188 silly idealTree ├── escape-string-regexp@1.0.5
188 silly idealTree ├── etag@1.8.0
188 silly idealTree ├── event-stream@3.3.4
188 silly idealTree ├── expand-brackets@0.1.5
188 silly idealTree ├── expand-range@1.8.2
188 silly idealTree ├── express-handlebars@3.0.0
188 silly idealTree ├── express-messages@1.0.1
188 silly idealTree ├── express-session@1.15.3
188 silly idealTree ├── express-validator@3.2.0
188 silly idealTree ├── express@4.15.3
188 silly idealTree ├── extglob@0.3.2
188 silly idealTree ├── filename-regex@2.0.1
188 silly idealTree ├── fill-range@2.2.3
188 silly idealTree ├── finalhandler@1.0.3
188 silly idealTree ├── for-in@1.0.2
188 silly idealTree ├── for-own@0.1.5
188 silly idealTree ├── foreach@2.0.5
188 silly idealTree ├── forwarded@0.1.0
188 silly idealTree ├── fresh@0.5.0
188 silly idealTree ├── from@0.1.7
188 silly idealTree ├── function-bind@1.1.0
188 silly idealTree ├── glob-base@0.3.0
188 silly idealTree ├── glob-parent@2.0.0
188 silly idealTree ├── glob@6.0.4
188 silly idealTree ├─┬ got@3.3.1
188 silly idealTree │ └── object-assign@3.0.0
188 silly idealTree ├── graceful-fs@4.1.11
188 silly idealTree ├── handlebars@4.0.10
188 silly idealTree ├── has-ansi@2.0.0
188 silly idealTree ├── hooks-fixed@2.0.0
188 silly idealTree ├── http-errors@1.6.1
188 silly idealTree ├── iconv-lite@0.4.15
188 silly idealTree ├── ignore-by-default@1.0.1
188 silly idealTree ├── imurmurhash@0.1.4
188 silly idealTree ├── infinity-agent@2.0.3
188 silly idealTree ├── inflight@1.0.6
188 silly idealTree ├── inherits@2.0.3
188 silly idealTree ├── ini@1.3.4
188 silly idealTree ├── ipaddr.js@1.3.0
188 silly idealTree ├── is-binary-path@1.0.1
188 silly idealTree ├── is-buffer@1.1.5
188 silly idealTree ├── is-dotfile@1.0.3
188 silly idealTree ├── is-equal-shallow@0.1.3
188 silly idealTree ├── is-extendable@0.1.1
188 silly idealTree ├── is-extglob@1.0.0
188 silly idealTree ├── is-finite@1.0.2
188 silly idealTree ├── is-glob@2.0.1
188 silly idealTree ├── is-npm@1.0.0
188 silly idealTree ├── is-number@2.1.0
188 silly idealTree ├── is-posix-bracket@0.1.1
188 silly idealTree ├── is-primitive@2.0.0
188 silly idealTree ├── is-redirect@1.0.0
188 silly idealTree ├── is-stream@1.1.0
188 silly idealTree ├── isarray@1.0.0
188 silly idealTree ├── isobject@2.1.0
188 silly idealTree ├── kareem@1.4.1
188 silly idealTree ├── kind-of@3.2.2
188 silly idealTree ├── latest-version@1.0.1
188 silly idealTree ├── lazy-cache@1.0.4
188 silly idealTree ├── lodash._baseassign@3.2.0
188 silly idealTree ├── lodash._basecopy@3.0.1
188 silly idealTree ├── lodash._bindcallback@3.0.1
188 silly idealTree ├── lodash._createassigner@3.1.1
188 silly idealTree ├── lodash._getnative@3.9.1
188 silly idealTree ├── lodash._isiterateecall@3.0.9
188 silly idealTree ├── lodash.assign@3.2.0
188 silly idealTree ├── lodash.defaults@3.1.2
188 silly idealTree ├── lodash.isarguments@3.1.0
188 silly idealTree ├── lodash.isarray@3.0.4
188 silly idealTree ├── lodash.keys@3.1.2
188 silly idealTree ├── lodash.restparam@3.6.1
188 silly idealTree ├── lodash@4.17.4
188 silly idealTree ├── longest@1.0.1
188 silly idealTree ├── lowercase-keys@1.0.0
188 silly idealTree ├── map-stream@0.1.0
188 silly idealTree ├── media-typer@0.3.0
188 silly idealTree ├── merge-descriptors@1.0.1
188 silly idealTree ├── methods@1.1.2
188 silly idealTree ├── micromatch@2.3.11
188 silly idealTree ├── mime-db@1.27.0
188 silly idealTree ├── mime-types@2.1.15
188 silly idealTree ├── mime@1.3.4
188 silly idealTree ├── minimatch@3.0.4
188 silly idealTree ├── minimist@0.0.10
188 silly idealTree ├── mongodb-core@2.1.12
188 silly idealTree ├── mongodb@2.2.28
188 silly idealTree ├─┬ mongoose@4.10.4
188 silly idealTree │ ├── async@2.1.4
188 silly idealTree │ ├── mongodb-core@2.1.11
188 silly idealTree │ └── mongodb@2.2.27
188 silly idealTree ├── mpath@0.2.1
188 silly idealTree ├── mpromise@0.5.5
188 silly idealTree ├─┬ mquery@2.3.1
188 silly idealTree │ ├── bluebird@2.10.2
188 silly idealTree │ ├── debug@2.6.8
188 silly idealTree │ └── sliced@0.0.5
188 silly idealTree ├── ms@2.0.0
188 silly idealTree ├── muri@1.2.1
188 silly idealTree ├── negotiator@0.6.1
188 silly idealTree ├── nested-error-stacks@1.0.2
188 silly idealTree ├── nopt@1.0.10
188 silly idealTree ├── normalize-path@2.1.1
188 silly idealTree ├── number-is-nan@1.0.1
188 silly idealTree ├── object-assign@4.1.1
188 silly idealTree ├── object-keys@1.0.11
188 silly idealTree ├── object.assign@4.0.4
188 silly idealTree ├── object.omit@2.0.1
188 silly idealTree ├── on-finished@2.3.0
188 silly idealTree ├── on-headers@1.0.1
188 silly idealTree ├── once@1.4.0
188 silly idealTree ├── optimist@0.6.1
188 silly idealTree ├── os-homedir@1.0.2
188 silly idealTree ├── os-tmpdir@1.0.2
188 silly idealTree ├── osenv@0.1.4
188 silly idealTree ├── package-json@1.2.0
188 silly idealTree ├── parse-glob@3.0.4
188 silly idealTree ├── parseurl@1.3.1
188 silly idealTree ├── passport-http@0.3.0
188 silly idealTree ├── passport-local@1.0.0
188 silly idealTree ├── passport-strategy@1.0.0
188 silly idealTree ├── passport@0.3.2
188 silly idealTree ├── path-is-absolute@1.0.1
188 silly idealTree ├── path-to-regexp@0.1.7
188 silly idealTree ├── pause-stream@0.0.11
188 silly idealTree ├── pause@0.0.1
188 silly idealTree ├── pinkie-promise@2.0.1
188 silly idealTree ├── pinkie@2.0.4
188 silly idealTree ├── prepend-http@1.0.4
188 silly idealTree ├── preserve@0.2.0
188 silly idealTree ├── process-nextick-args@1.0.7
188 silly idealTree ├── promise@7.1.1
188 silly idealTree ├── proxy-addr@1.1.4
188 silly idealTree ├── ps-tree@1.1.0
188 silly idealTree ├── qs@6.4.0
188 silly idealTree ├── random-bytes@1.0.0
188 silly idealTree ├── randomatic@1.1.6
188 silly idealTree ├── range-parser@1.2.0
188 silly idealTree ├── raw-body@2.2.0
188 silly idealTree ├─┬ rc@1.2.1
188 silly idealTree │ └── minimist@1.2.0
188 silly idealTree ├── read-all-stream@3.1.0
188 silly idealTree ├── readable-stream@2.2.7
188 silly idealTree ├── readdirp@2.1.0
188 silly idealTree ├── regex-cache@0.4.3
188 silly idealTree ├── regexp-clone@0.0.1
188 silly idealTree ├── registry-url@3.1.0
188 silly idealTree ├── remove-trailing-separator@1.0.1
188 silly idealTree ├── repeat-element@1.1.2
188 silly idealTree ├── repeat-string@1.6.1
188 silly idealTree ├── repeating@1.1.3
188 silly idealTree ├── require_optional@1.0.0
188 silly idealTree ├── resolve-from@2.0.0
188 silly idealTree ├── right-align@0.1.3
188 silly idealTree ├── safe-buffer@5.1.0
188 silly idealTree ├── semver-diff@2.1.0
188 silly idealTree ├── semver@5.3.0
188 silly idealTree ├── send@0.15.3
188 silly idealTree ├── serve-static@1.12.3
188 silly idealTree ├── set-immediate-shim@1.0.1
188 silly idealTree ├── setprototypeof@1.0.3
188 silly idealTree ├── sliced@1.0.1
188 silly idealTree ├── slide@1.1.6
188 silly idealTree ├── source-map@0.4.4
188 silly idealTree ├── split@0.3.3
188 silly idealTree ├── statuses@1.3.1
188 silly idealTree ├── stream-combiner@0.0.4
188 silly idealTree ├── stream-shift@1.0.0
188 silly idealTree ├── string_decoder@1.0.1
188 silly idealTree ├── string-length@1.0.1
188 silly idealTree ├── strip-ansi@3.0.1
188 silly idealTree ├── strip-json-comments@2.0.1
188 silly idealTree ├── supports-color@2.0.0
188 silly idealTree ├── through@2.3.8
188 silly idealTree ├── timed-out@2.0.0
188 silly idealTree ├── touch@1.0.0
188 silly idealTree ├── type-is@1.6.15
188 silly idealTree ├─┬ uglify-js@2.8.28
188 silly idealTree │ └── source-map@0.5.6
188 silly idealTree ├── uglify-to-browserify@1.0.2
188 silly idealTree ├── uid-safe@2.1.4
188 silly idealTree ├── undefsafe@0.0.3
188 silly idealTree ├── unpipe@1.0.0
188 silly idealTree ├── util-deprecate@1.0.2
188 silly idealTree ├── utils-merge@1.0.0
188 silly idealTree ├── uuid@2.0.3
188 silly idealTree ├── validator@6.2.1
188 silly idealTree ├── vary@1.1.1
188 silly idealTree ├── window-size@0.1.0
188 silly idealTree ├── wordwrap@0.0.3
188 silly idealTree ├── wrappy@1.0.2
188 silly idealTree ├── write-file-atomic@1.3.4
188 silly idealTree ├── xdg-basedir@2.0.0
188 silly idealTree └── yargs@3.10.0
189 silly generateActionsToTake Starting
190 silly install generateActionsToTake
191 silly generateActionsToTake Finishing
192 silly diffTrees action count 4
193 silly diffTrees add mime@1.3.4
194 silly diffTrees add send@0.15.3
195 silly diffTrees add serve-static@1.12.3
196 silly diffTrees add express@4.15.3
197 silly decomposeActions action count 32
198 silly decomposeActions fetch mime@1.3.4
199 silly decomposeActions extract mime@1.3.4
200 silly decomposeActions test mime@1.3.4
201 silly decomposeActions preinstall mime@1.3.4
202 silly decomposeActions build mime@1.3.4
203 silly decomposeActions install mime@1.3.4
204 silly decomposeActions postinstall mime@1.3.4
205 silly decomposeActions finalize mime@1.3.4
206 silly decomposeActions fetch send@0.15.3
207 silly decomposeActions extract send@0.15.3
208 silly decomposeActions test send@0.15.3
209 silly decomposeActions preinstall send@0.15.3
210 silly decomposeActions build send@0.15.3
211 silly decomposeActions install send@0.15.3
212 silly decomposeActions postinstall send@0.15.3
213 silly decomposeActions finalize send@0.15.3
214 silly decomposeActions fetch serve-static@1.12.3
215 silly decomposeActions extract serve-static@1.12.3
216 silly decomposeActions test serve-static@1.12.3
217 silly decomposeActions preinstall serve-static@1.12.3
218 silly decomposeActions build serve-static@1.12.3
219 silly decomposeActions install serve-static@1.12.3
220 silly decomposeActions postinstall serve-static@1.12.3
221 silly decomposeActions finalize serve-static@1.12.3
222 silly decomposeActions fetch express@4.15.3
223 silly decomposeActions extract express@4.15.3
224 silly decomposeActions test express@4.15.3
225 silly decomposeActions preinstall express@4.15.3
226 silly decomposeActions build express@4.15.3
227 silly decomposeActions install express@4.15.3
228 silly decomposeActions postinstall express@4.15.3
229 silly decomposeActions finalize express@4.15.3
230 silly runTopLevelLifecycles Starting
231 silly executeActions Starting
232 silly install executeActions
233 silly doSerial global-install 0
234 silly doParallel fetch 4
235 verbose correctMkdir /root/.npm/_locks correctMkdir not in flight; initializing
236 verbose lock using /root/.npm/_locks/staging-d897f1298d10ebcc.lock for /vagrant/RedesdeSensores/node_modules/.staging
237 silly doParallel extract 4
238 silly extract mime@1.3.4
239 silly extract send@0.15.3
240 silly extract serve-static@1.12.3
241 silly extract express@4.15.3
242 verbose unbuild node_modules/.staging/send-3fe40f69
243 verbose unbuild node_modules/.staging/serve-static-0658a464
244 verbose unbuild node_modules/.staging/express-89daa7d8
245 verbose unbuild node_modules/.staging/mime-bd713047
246 silly gentlyRm /vagrant/RedesdeSensores/node_modules/.staging/serve-static-0658a464 is being purged from base /vagrant/RedesdeSensores
247 verbose gentlyRm don't care about contents; nuking /vagrant/RedesdeSensores/node_modules/.staging/serve-static-0658a464
248 silly gentlyRm /vagrant/RedesdeSensores/node_modules/.staging/send-3fe40f69 is being purged from base /vagrant/RedesdeSensores
249 verbose gentlyRm don't care about contents; nuking /vagrant/RedesdeSensores/node_modules/.staging/send-3fe40f69
250 silly gentlyRm /vagrant/RedesdeSensores/node_modules/.staging/express-89daa7d8 is being purged from base /vagrant/RedesdeSensores
251 verbose gentlyRm don't care about contents; nuking /vagrant/RedesdeSensores/node_modules/.staging/express-89daa7d8
252 silly gentlyRm /vagrant/RedesdeSensores/node_modules/.staging/mime-bd713047 is being purged from base /vagrant/RedesdeSensores
253 verbose gentlyRm don't care about contents; nuking /vagrant/RedesdeSensores/node_modules/.staging/mime-bd713047
254 verbose tar unpack /root/.npm/serve-static/1.12.3/package.tgz
255 verbose tar unpacking to /vagrant/RedesdeSensores/node_modules/.staging/serve-static-0658a464
256 silly gentlyRm /vagrant/RedesdeSensores/node_modules/.staging/serve-static-0658a464 is being purged
257 verbose gentlyRm don't care about contents; nuking /vagrant/RedesdeSensores/node_modules/.staging/serve-static-0658a464
258 verbose tar unpack /root/.npm/send/0.15.3/package.tgz
259 verbose tar unpacking to /vagrant/RedesdeSensores/node_modules/.staging/send-3fe40f69
260 silly gentlyRm /vagrant/RedesdeSensores/node_modules/.staging/send-3fe40f69 is being purged
261 verbose gentlyRm don't care about contents; nuking /vagrant/RedesdeSensores/node_modules/.staging/send-3fe40f69
262 verbose tar unpack /root/.npm/express/4.15.3/package.tgz
263 verbose tar unpacking to /vagrant/RedesdeSensores/node_modules/.staging/express-89daa7d8
264 silly gentlyRm /vagrant/RedesdeSensores/node_modules/.staging/express-89daa7d8 is being purged
265 verbose gentlyRm don't care about contents; nuking /vagrant/RedesdeSensores/node_modules/.staging/express-89daa7d8
266 verbose tar unpack /root/.npm/mime/1.3.4/package.tgz
267 verbose tar unpacking to /vagrant/RedesdeSensores/node_modules/.staging/mime-bd713047
268 silly gentlyRm /vagrant/RedesdeSensores/node_modules/.staging/mime-bd713047 is being purged
269 verbose gentlyRm don't care about contents; nuking /vagrant/RedesdeSensores/node_modules/.staging/mime-bd713047
270 silly gunzTarPerm modes [ '755', '644' ]
271 silly gunzTarPerm modes [ '755', '644' ]
272 silly gunzTarPerm modes [ '755', '644' ]
273 silly gunzTarPerm modes [ '755', '644' ]
274 silly gunzTarPerm extractEntry package.json
275 silly gunzTarPerm modified mode [ 'package.json', 438, 420 ]
276 silly gunzTarPerm extractEntry package.json
277 silly gunzTarPerm extractEntry package.json
278 silly gunzTarPerm extractEntry package.json
279 silly gunzTarPerm modified mode [ 'package.json', 438, 420 ]
280 silly gunzTarPerm extractEntry README.md
281 silly gunzTarPerm modified mode [ 'README.md', 438, 420 ]
282 silly gunzTarPerm extractEntry LICENSE
283 silly gunzTarPerm modified mode [ 'LICENSE', 438, 420 ]
284 silly gunzTarPerm extractEntry LICENSE
285 silly gunzTarPerm extractEntry index.js
286 silly gunzTarPerm extractEntry History.md
287 silly gunzTarPerm extractEntry Readme.md
288 silly gunzTarPerm extractEntry lib/application.js
289 silly gunzTarPerm extractEntry lib/express.js
290 silly gunzTarPerm extractEntry lib/request.js
291 silly gunzTarPerm extractEntry lib/response.js
292 silly gunzTarPerm extractEntry lib/utils.js
293 silly gunzTarPerm extractEntry lib/view.js
294 silly gunzTarPerm extractEntry lib/middleware/init.js
295 silly gunzTarPerm extractEntry lib/middleware/query.js
296 silly gunzTarPerm extractEntry lib/router/index.js
297 silly gunzTarPerm extractEntry lib/router/layer.js
298 silly gunzTarPerm extractEntry lib/router/route.js
299 silly gunzTarPerm extractEntry .npmignore
300 silly gunzTarPerm extractEntry README.md
301 silly gunzTarPerm extractEntry README.md
302 silly gunzTarPerm modified mode [ 'README.md', 438, 420 ]
303 silly gunzTarPerm extractEntry LICENSE
304 silly gunzTarPerm modified mode [ 'LICENSE', 438, 420 ]
305 silly gunzTarPerm extractEntry index.js
306 silly gunzTarPerm modified mode [ 'index.js', 438, 420 ]
307 silly gunzTarPerm extractEntry HISTORY.md
308 silly gunzTarPerm modified mode [ 'HISTORY.md', 438, 420 ]
309 silly gunzTarPerm extractEntry LICENSE
310 silly gunzTarPerm extractEntry cli.js
311 silly gunzTarPerm extractEntry index.js
312 silly gunzTarPerm modified mode [ 'index.js', 438, 420 ]
313 silly gunzTarPerm extractEntry HISTORY.md
314 silly gunzTarPerm modified mode [ 'HISTORY.md', 438, 420 ]
315 silly gunzTarPerm extractEntry mime.js
316 silly gunzTarPerm extractEntry build/build.js
317 silly gunzTarPerm extractEntry build/test.js
318 silly gunzTarPerm extractEntry types.json
319 silly gentlyRm /vagrant/RedesdeSensores/node_modules/.staging/serve-static-0658a464/node_modules is being purged
320 verbose gentlyRm don't care about contents; nuking /vagrant/RedesdeSensores/node_modules/.staging/serve-static-0658a464/node_modules
321 silly gentlyRm /vagrant/RedesdeSensores/node_modules/.staging/send-3fe40f69/node_modules is being purged
322 verbose gentlyRm don't care about contents; nuking /vagrant/RedesdeSensores/node_modules/.staging/send-3fe40f69/node_modules
323 silly gentlyRm /vagrant/RedesdeSensores/node_modules/.staging/mime-bd713047/node_modules is being purged
324 verbose gentlyRm don't care about contents; nuking /vagrant/RedesdeSensores/node_modules/.staging/mime-bd713047/node_modules
325 silly gentlyRm /vagrant/RedesdeSensores/node_modules/.staging/express-89daa7d8/node_modules is being purged
326 verbose gentlyRm don't care about contents; nuking /vagrant/RedesdeSensores/node_modules/.staging/express-89daa7d8/node_modules
327 silly doParallel preinstall 4
328 silly preinstall mime@1.3.4 /vagrant/RedesdeSensores/node_modules/.staging/mime-bd713047
329 info lifecycle mime@1.3.4~preinstall: mime@1.3.4
330 silly preinstall send@0.15.3 /vagrant/RedesdeSensores/node_modules/.staging/send-3fe40f69
331 info lifecycle send@0.15.3~preinstall: send@0.15.3
332 silly preinstall serve-static@1.12.3 /vagrant/RedesdeSensores/node_modules/.staging/serve-static-0658a464
333 info lifecycle serve-static@1.12.3~preinstall: serve-static@1.12.3
334 silly preinstall express@4.15.3 /vagrant/RedesdeSensores/node_modules/.staging/express-89daa7d8
335 info lifecycle express@4.15.3~preinstall: express@4.15.3
336 silly lifecycle mime@1.3.4~preinstall: no script for preinstall, continuing
337 silly lifecycle send@0.15.3~preinstall: no script for preinstall, continuing
338 silly lifecycle serve-static@1.12.3~preinstall: no script for preinstall, continuing
339 silly lifecycle express@4.15.3~preinstall: no script for preinstall, continuing
340 silly doReverseSerial remove 0
341 silly doSerial move 0
342 silly doSerial finalize 4
343 silly finalize /vagrant/RedesdeSensores/node_modules/mime
344 silly finalize /vagrant/RedesdeSensores/node_modules/send
345 silly finalize /vagrant/RedesdeSensores/node_modules/serve-static
346 silly finalize /vagrant/RedesdeSensores/node_modules/express
347 silly doSerial build 4
348 silly build mime@1.3.4
349 info linkStuff mime@1.3.4
350 silly linkStuff mime@1.3.4 has /vagrant/RedesdeSensores/node_modules as its parent node_modules
351 verbose linkBins mime@1.3.4
352 verbose link bins [ { mime: 'cli.js' },
352 verbose link bins   '/vagrant/RedesdeSensores/node_modules/.bin',
352 verbose link bins   false ]
353 verbose linkMans mime@1.3.4
354 silly gentlyRm /vagrant/RedesdeSensores/node_modules/.bin/mime is being purged
355 verbose gentlyRm don't care about contents; nuking /vagrant/RedesdeSensores/node_modules/.bin/mime
356 verbose unlock done using /root/.npm/_locks/staging-d897f1298d10ebcc.lock for /vagrant/RedesdeSensores/node_modules/.staging
357 silly rollbackFailedOptional Starting
358 silly rollbackFailedOptional Finishing
359 silly runTopLevelLifecycles Finishing
360 silly install printInstalled
361 warn optional SKIPPING OPTIONAL DEPENDENCY: fsevents@^1.0.0 (node_modules/chokidar/node_modules/fsevents):
362 warn notsup SKIPPING OPTIONAL DEPENDENCY: Unsupported platform for fsevents@1.1.1: wanted {"os":"darwin","arch":"any"} (current: {"os":"linux","arch":"x64"})
363 verbose notsup SKIPPING OPTIONAL DEPENDENCY: Valid OS:    darwin
363 verbose notsup SKIPPING OPTIONAL DEPENDENCY: Valid Arch:  any
363 verbose notsup SKIPPING OPTIONAL DEPENDENCY: Actual OS:   linux
363 verbose notsup SKIPPING OPTIONAL DEPENDENCY: Actual Arch: x64
364 warn redesdesensores@1.0.0 No repository field.
365 verbose If you need help, you may report this error at:
365 verbose     <https://github.com/npm/npm/issues>
366 verbose stack Error: EPROTO: protocol error, symlink '../mime/cli.js' -> '/vagrant/RedesdeSensores/node_modules/.bin/mime'
366 verbose stack     at Error (native)
367 verbose cwd /vagrant/RedesdeSensores
368 error Linux 3.10.0-229.el7.x86_64
369 error argv "/usr/bin/node" "/usr/bin/npm" "install" "express" "--save"
370 error node v6.10.3
371 error npm  v3.10.10
372 error path ../mime/cli.js
373 error code EPROTO
374 error errno -71
375 error syscall symlink
376 error EPROTO: protocol error, symlink '../mime/cli.js' -> '/vagrant/RedesdeSensores/node_modules/.bin/mime'
377 error If you need help, you may report this error at:
377 error     <https://github.com/npm/npm/issues>
378 verbose exit [ -71, true ]
